<?xml version="1.0" encoding="UTF-8"?>
<testng-results skipped="0" failed="0" ignored="0" total="1" passed="1">
  <reporter-output>
  </reporter-output>
  <suite name="Default suite" duration-ms="86562" started-at="2023-06-30T17:15:51 IST" finished-at="2023-06-30T17:17:17 IST">
    <groups>
    </groups>
    <test name="Default test" duration-ms="86562" started-at="2023-06-30T17:15:51 IST" finished-at="2023-06-30T17:17:17 IST">
      <class name="com.qa.test.BrokenLinkConcept">
        <test-method status="PASS" signature="launch_Browser()[pri:0, instance:com.qa.test.BrokenLinkConcept@22eeefeb]" name="launch_Browser" is-config="true" duration-ms="6744" started-at="2023-06-30T17:15:51 IST" finished-at="2023-06-30T17:15:58 IST">
          <reporter-output>
          </reporter-output>
        </test-method> <!-- launch_Browser -->
        <test-method status="PASS" signature="findBrokenLink()[pri:0, instance:com.qa.test.BrokenLinkConcept@22eeefeb]" name="findBrokenLink" duration-ms="79789" started-at="2023-06-30T17:15:58 IST" finished-at="2023-06-30T17:17:17 IST">
          <reporter-output>
          </reporter-output>
        </test-method> <!-- findBrokenLink -->
      </class> <!-- com.qa.test.BrokenLinkConcept -->
    </test> <!-- Default test -->
  </suite> <!-- Default suite -->
</testng-results>
